[ 2017-09-30T11:06:52+08:00 ] 127.0.0.1 /weibo/
INFO: [ app_init ] --START--
INFO: Run Behavior\BuildLiteBehavior [ RunTime:0.000000s ]
INFO: [ app_init ] --END-- [ RunTime:0.001000s ]
INFO: [ app_begin ] --START--
INFO: Run Behavior\ReadHtmlCacheBehavior [ RunTime:0.001000s ]
INFO: [ app_begin ] --END-- [ RunTime:0.001000s ]

[ 2017-09-30T11:06:52+08:00 ] 127.0.0.1 /weibo/index.php/Home/Login/index
INFO: [ app_init ] --START--
INFO: Run Behavior\BuildLiteBehavior [ RunTime:0.000000s ]
INFO: [ app_init ] --END-- [ RunTime:0.000000s ]
INFO: [ app_begin ] --START--
INFO: Run Behavior\ReadHtmlCacheBehavior [ RunTime:0.001000s ]
INFO: [ app_begin ] --END-- [ RunTime:0.001000s ]
INFO: [ view_parse ] --START--
INFO: [ template_filter ] --START--
INFO: Run Behavior\ContentReplaceBehavior [ RunTime:0.000000s ]
INFO: [ template_filter ] --END-- [ RunTime:0.000000s ]
INFO: Run Behavior\ParseTemplateBehavior [ RunTime:0.006000s ]
INFO: [ view_parse ] --END-- [ RunTime:0.006000s ]
INFO: [ view_filter ] --START--
INFO: Run Behavior\WriteHtmlCacheBehavior [ RunTime:0.001000s ]
INFO: Run Behavior\TokenBuildBehavior [ RunTime:0.000000s ]
INFO: [ view_filter ] --END-- [ RunTime:0.001000s ]
INFO: [ app_end ] --START--
INFO: Run Behavior\ShowPageTraceBehavior [ RunTime:0.000000s ]
INFO: [ app_end ] --END-- [ RunTime:0.000000s ]

[ 2017-09-30T11:07:00+08:00 ] 127.0.0.1 /weibo/index.php/Home/Login/login
INFO: [ app_init ] --START--
INFO: Run Behavior\BuildLiteBehavior [ RunTime:0.000000s ]
INFO: [ app_init ] --END-- [ RunTime:0.001000s ]
INFO: [ app_begin ] --START--
INFO: Run Behavior\ReadHtmlCacheBehavior [ RunTime:0.001000s ]
INFO: [ app_begin ] --END-- [ RunTime:0.001000s ]
SQL: SHOW COLUMNS FROM `hd_user` [ RunTime:0.0350s ]
SQL: SELECT * FROM `hd_user` WHERE `account` = 'admin4' LIMIT 1   [ RunTime:0.0010s ]

[ 2017-09-30T11:07:02+08:00 ] 127.0.0.1 /weibo/index.php
INFO: [ app_init ] --START--
INFO: Run Behavior\BuildLiteBehavior [ RunTime:0.000000s ]
INFO: [ app_init ] --END-- [ RunTime:0.001000s ]
INFO: [ app_begin ] --START--
INFO: Run Behavior\ReadHtmlCacheBehavior [ RunTime:0.001000s ]
INFO: [ app_begin ] --END-- [ RunTime:0.001000s ]
SQL: SHOW COLUMNS FROM `hd_follow` [ RunTime:0.0260s ]
SQL: SELECT `follow` FROM `hd_follow` WHERE `fans` = 5  [ RunTime:0.0000s ]
SQL: SHOW COLUMNS FROM `hd_weibo` [ RunTime:0.0220s ]
SQL: SHOW COLUMNS FROM `hd_userinfo` [ RunTime:0.0380s ]
SQL: SHOW COLUMNS FROM `hd_picture` [ RunTime:0.0290s ]
SQL: SELECT Weibo.id AS id,Weibo.content AS content,Weibo.isturn AS isturn,Weibo.time AS time,Weibo.keep AS keep,Weibo.comment AS comment,Weibo.uid AS uid,userinfo.username AS username,userinfo.face50 AS face,picture.mini AS mini,picture.medium AS medium,picture.max AS max FROM hd_weibo Weibo LEFT JOIN hd_userinfo userinfo ON weibo.uid = userinfo.uid LEFT JOIN hd_picture picture ON weibo.id = picture.wid WHERE Weibo.uid IN ('5','4','6','6')  [ RunTime:0.0010s ]
INFO: [ view_parse ] --START--
INFO: [ template_filter ] --START--
INFO: Run Behavior\ContentReplaceBehavior [ RunTime:0.000000s ]
INFO: [ template_filter ] --END-- [ RunTime:0.001000s ]
SQL: SHOW COLUMNS FROM `hd_group` [ RunTime:0.0300s ]
SQL: SELECT * FROM `hd_group` WHERE `uid` = 5  [ RunTime:0.0010s ]
NOTIC: [8] Undefined index: turn D:\www\test\weibo\Application\Runtime\Cache\Home\2a94b8bda04ff446dcedd42276fc99ee.php 第 241 行.
NOTIC: [8] Undefined index: turn D:\www\test\weibo\Application\Runtime\Cache\Home\2a94b8bda04ff446dcedd42276fc99ee.php 第 241 行.
NOTIC: [8] Undefined index: turn D:\www\test\weibo\Application\Runtime\Cache\Home\2a94b8bda04ff446dcedd42276fc99ee.php 第 241 行.
NOTIC: [8] Undefined index: turn D:\www\test\weibo\Application\Runtime\Cache\Home\2a94b8bda04ff446dcedd42276fc99ee.php 第 241 行.
NOTIC: [8] Undefined index: turn D:\www\test\weibo\Application\Runtime\Cache\Home\2a94b8bda04ff446dcedd42276fc99ee.php 第 241 行.
NOTIC: [2] Illegal string offset 'uid' D:\www\test\weibo\Application\Runtime\Cache\Home\2a94b8bda04ff446dcedd42276fc99ee.php 第 295 行.
NOTIC: [2] Illegal string offset 'username' D:\www\test\weibo\Application\Runtime\Cache\Home\2a94b8bda04ff446dcedd42276fc99ee.php 第 295 行.
NOTIC: [2] Illegal string offset 'content' D:\www\test\weibo\Application\Runtime\Cache\Home\2a94b8bda04ff446dcedd42276fc99ee.php 第 299 行.
NOTIC: [2] Illegal string offset 'max' D:\www\test\weibo\Application\Runtime\Cache\Home\2a94b8bda04ff446dcedd42276fc99ee.php 第 302 行.
NOTIC: [2] Illegal string offset 'mini' D:\www\test\weibo\Application\Runtime\Cache\Home\2a94b8bda04ff446dcedd42276fc99ee.php 第 305 行.
NOTIC: [2] Illegal string offset 'max' D:\www\test\weibo\Application\Runtime\Cache\Home\2a94b8bda04ff446dcedd42276fc99ee.php 第 314 行.
NOTIC: [2] Illegal string offset 'medium' D:\www\test\weibo\Application\Runtime\Cache\Home\2a94b8bda04ff446dcedd42276fc99ee.php 第 319 行.
NOTIC: [2] Illegal string offset 'time' D:\www\test\weibo\Application\Runtime\Cache\Home\2a94b8bda04ff446dcedd42276fc99ee.php 第 328 行.
NOTIC: [2] Illegal string offset 'turn' D:\www\test\weibo\Application\Runtime\Cache\Home\2a94b8bda04ff446dcedd42276fc99ee.php 第 331 行.
NOTIC: [2] Illegal string offset 'turn' D:\www\test\weibo\Application\Runtime\Cache\Home\2a94b8bda04ff446dcedd42276fc99ee.php 第 331 行.
NOTIC: [2] Illegal string offset 'comment' D:\www\test\weibo\Application\Runtime\Cache\Home\2a94b8bda04ff446dcedd42276fc99ee.php 第 333 行.
NOTIC: [2] Illegal string offset 'comment' D:\www\test\weibo\Application\Runtime\Cache\Home\2a94b8bda04ff446dcedd42276fc99ee.php 第 333 行.
NOTIC: [2] Illegal string offset 'id' D:\www\test\weibo\Application\Runtime\Cache\Home\2a94b8bda04ff446dcedd42276fc99ee.php 第 346 行.
NOTIC: [8] Undefined index: turn D:\www\test\weibo\Application\Runtime\Cache\Home\2a94b8bda04ff446dcedd42276fc99ee.php 第 346 行.
NOTIC: [8] Undefined variable: page D:\www\test\weibo\Application\Runtime\Cache\Home\2a94b8bda04ff446dcedd42276fc99ee.php 第 373 行.
INFO: Run Behavior\ParseTemplateBehavior [ RunTime:0.087000s ]
INFO: [ view_parse ] --END-- [ RunTime:0.087000s ]
INFO: [ view_filter ] --START--
INFO: Run Behavior\WriteHtmlCacheBehavior [ RunTime:0.000000s ]
INFO: Run Behavior\TokenBuildBehavior [ RunTime:0.003000s ]
INFO: [ view_filter ] --END-- [ RunTime:0.003000s ]
INFO: [ app_end ] --START--
INFO: Run Behavior\ShowPageTraceBehavior [ RunTime:0.002000s ]
INFO: [ app_end ] --END-- [ RunTime:0.002000s ]

